<?xml version="1.0" encoding="UTF-8"?>
<!-- Generated by org.testng.reporters.JUnitReportReporter -->
<testsuite hostname="Pumpkin" name="TestScripts.TS_TodoTest" tests="6" failures="0" timestamp="28 Jun 2017 04:47:36 GMT" time="19.060" errors="0">
  <testcase name="completingToDo" time="0.425" classname="TestScripts.TS_TodoTest"/>
  <testcase name="filteringCompletedToDo" time="3.620" classname="TestScripts.TS_TodoTest"/>
  <testcase name="filteringActiveToDo" time="3.591" classname="TestScripts.TS_TodoTest"/>
  <testcase name="addingToDo" time="0.894" classname="TestScripts.TS_TodoTest"/>
  <testcase name="filteringAllToDo" time="3.596" classname="TestScripts.TS_TodoTest"/>
  <testcase name="clearingCompletedToDo" time="6.934" classname="TestScripts.TS_TodoTest"/>
</testsuite> <!-- TestScripts.TS_TodoTest -->
